0 info it worked if it ends with ok
1 verbose cli [ '/usr/local/bin/node',
1 verbose cli   '/usr/local/bin/npm',
1 verbose cli   'install',
1 verbose cli   '-g',
1 verbose cli   'express-generator' ]
2 info using npm@2.15.8
3 info using node@v4.4.7
4 verbose install initial load of /usr/local/lib/package.json
5 verbose readDependencies loading dependencies from /usr/local/lib/package.json
6 silly cache add args [ 'express-generator', null ]
7 verbose cache add spec express-generator
8 silly cache add parsed spec Result {
8 silly cache add   raw: 'express-generator',
8 silly cache add   scope: null,
8 silly cache add   name: 'express-generator',
8 silly cache add   rawSpec: '',
8 silly cache add   spec: 'latest',
8 silly cache add   type: 'tag' }
9 silly addNamed express-generator@latest
10 verbose addNamed "latest" is being treated as a dist-tag for express-generator
11 info addNameTag [ 'express-generator', 'latest' ]
12 silly mapToRegistry name express-generator
13 silly mapToRegistry using default registry
14 silly mapToRegistry registry https://registry.npmjs.org/
15 silly mapToRegistry data Result {
15 silly mapToRegistry   raw: 'express-generator',
15 silly mapToRegistry   scope: null,
15 silly mapToRegistry   name: 'express-generator',
15 silly mapToRegistry   rawSpec: '',
15 silly mapToRegistry   spec: 'latest',
15 silly mapToRegistry   type: 'tag' }
16 silly mapToRegistry uri https://registry.npmjs.org/express-generator
17 verbose addNameTag registry:https://registry.npmjs.org/express-generator not in flight; fetching
18 verbose request uri https://registry.npmjs.org/express-generator
19 verbose request no auth needed
20 info attempt registry request try #1 at 1:28:30 PM
21 verbose request id 9b395773800f97da
22 http request GET https://registry.npmjs.org/express-generator
23 info retry will retry, error on last attempt: Error: unable to verify the first certificate
24 info attempt registry request try #2 at 1:28:41 PM
25 http request GET https://registry.npmjs.org/express-generator
26 info retry will retry, error on last attempt: Error: unable to verify the first certificate
27 info attempt registry request try #3 at 1:29:43 PM
28 http request GET https://registry.npmjs.org/express-generator
29 verbose stack Error: unable to verify the first certificate
29 verbose stack     at Error (native)
29 verbose stack     at TLSSocket.<anonymous> (_tls_wrap.js:1017:38)
29 verbose stack     at emitNone (events.js:67:13)
29 verbose stack     at TLSSocket.emit (events.js:166:7)
29 verbose stack     at TLSSocket._init.ssl.onclienthello.ssl.oncertcb.TLSSocket._finishInit (_tls_wrap.js:582:8)
29 verbose stack     at TLSWrap.ssl.onclienthello.ssl.oncertcb.ssl.onnewsession.ssl.onhandshakedone (_tls_wrap.js:424:38)
30 verbose cwd /Users/akshayakumar/Desktop
31 error Darwin 15.3.0
32 error argv "/usr/local/bin/node" "/usr/local/bin/npm" "install" "-g" "express-generator"
33 error node v4.4.7
34 error npm  v2.15.8
35 error code UNABLE_TO_VERIFY_LEAF_SIGNATURE
36 error unable to verify the first certificate
37 error If you need help, you may report this error at:
37 error     <https://github.com/npm/npm/issues>
38 verbose exit [ 1, true ]
